
  .   ____          _            __ _ _
 /\\ / ___'_ __ _ _(_)_ __  __ _ \ \ \ \
( ( )\___ | '_ | '_| | '_ \/ _` | \ \ \ \
 \\/  ___)| |_)| | | | | || (_| |  ) ) ) )
  '  |____| .__|_| |_|_| |_\__, | / / / /
 =========|_|==============|___/=/_/_/_/
 :: Spring Boot ::               (v2.7.18)

2026-06-09 00:07:13.856  INFO 18000 --- [           main] com.example.demo.ApplicationKt           : Starting ApplicationKt using Java 21.0.8 on DESKTOP-31LNOE9 with PID 18000 (C:\Users\bryce\develop\Java\springboot-app\build\libs\springboot-app-1.0.0.jar started by bryce in C:\Users\bryce\develop\Java\springboot-app)
2026-06-09 00:07:13.858  INFO 18000 --- [           main] com.example.demo.ApplicationKt           : No active profile set, falling back to 1 default profile: "default"
2026-06-09 00:07:14.674  INFO 18000 --- [           main] o.s.b.w.embedded.tomcat.TomcatWebServer  : Tomcat initialized with port(s): 28080 (http)
2026-06-09 00:07:14.682  INFO 18000 --- [           main] o.apache.catalina.core.StandardService   : Starting service [Tomcat]
2026-06-09 00:07:14.682  INFO 18000 --- [           main] org.apache.catalina.core.StandardEngine  : Starting Servlet engine: [Apache Tomcat/9.0.83]
2026-06-09 00:07:14.737  INFO 18000 --- [           main] o.a.c.c.C.[Tomcat].[localhost].[/]       : Initializing Spring embedded WebApplicationContext
2026-06-09 00:07:14.737  INFO 18000 --- [           main] w.s.c.ServletWebServerApplicationContext : Root WebApplicationContext: initialization completed in 836 ms
2026-06-09 00:07:14.932  INFO 18000 --- [           main] o.s.b.a.w.s.WelcomePageHandlerMapping    : Adding welcome page: class path resource [static/index.html]
2026-06-09 00:07:15.032  INFO 18000 --- [           main] o.s.b.w.embedded.tomcat.TomcatWebServer  : Tomcat started on port(s): 28080 (http) with context path ''
2026-06-09 00:07:15.039  INFO 18000 --- [           main] com.example.demo.ApplicationKt           : Started ApplicationKt in 1.524 seconds (JVM running for 1.858)
2026-06-09 00:07:23.151  INFO 18000 --- [io-28080-exec-1] o.a.c.c.C.[Tomcat].[localhost].[/]       : Initializing Spring DispatcherServlet 'dispatcherServlet'
2026-06-09 00:07:23.151  INFO 18000 --- [io-28080-exec-1] o.s.web.servlet.DispatcherServlet        : Initializing Servlet 'dispatcherServlet'
2026-06-09 00:07:23.151  INFO 18000 --- [io-28080-exec-1] o.s.web.servlet.DispatcherServlet        : Completed initialization in 0 ms
